<?xml version="1.0" encoding="UTF-8"?>
<!-- Generated by org.testng.reporters.JUnitReportReporter -->
<testsuite hostname="DESKTOP-LHVDPIO" failures="0" tests="1" name="TestNG.Intro_Suit" time="0.010" errors="0" timestamp="2023-02-15T14:23:35 PST" skipped="0">
  <testcase classname="TestNG.Intro_Suit" name="test" time="0.010"/>
  <system-out/>
</testsuite> <!-- TestNG.Intro_Suit -->
