<?xml version="1.0" encoding="UTF-8"?>
<!-- Generated by org.testng.reporters.JUnitReportReporter -->
<testsuite hostname="DESKTOP-LHVDPIO" failures="0" tests="1" name="TestNG.SellTestNG" time="0.001" errors="0" timestamp="2023-02-10T13:51:32 PST" skipped="1">
  <testcase classname="TestNG.SellTestNG" name="test1BestSeller" time="0.001">
    <skipped/>
  </testcase> <!-- test1BestSeller -->
  <system-out/>
</testsuite> <!-- TestNG.SellTestNG -->
